
File : dhakatribune_sports_headlines.csv

Row : 0

Headline :

বিশ্বকাপে নিষেধাজ্ঞার শঙ্কায় যে ১৮ তারকা ফুটবলার

Error :

Invalid value '0.0' for dtype 'str'. Value should be a string or missing value, got 'float' instead.

================================================================================


File : dhakatribune_sports_headlines.csv

Row : 1

Headline :

ফুটবলের নতুন পরাশক্তি হতে যাচ্ছে মরক্কো, নেপথ্যে কী

Error :

Invalid value '0.0' for dtype 'str'. Value should be a string or missing value, got 'float' instead.

================================================================================


File : dhakatribune_sports_headlines.csv

Row : 2

Headline :

এবার আর্জেন্টিনা-মিসর ম্যাচের বিতর্ক নিয়ে মুখ খুললো ফিফা

Error :

Invalid value '0.0' for dtype 'str'. Value should be a string or missing value, got 'float' instead.

================================================================================


File : dhakatribune_sports_headlines.csv

Row : 3

Headline :

আর্জেন্টিনা ফুটবল এসোসিয়েশনের বিরুদ্ধে তদন্তে নেমেছে এফবিআই

Error :

Invalid value '0.0' for dtype 'str'. Value should be a string or missing value, got 'float' instead.

================================================================================


File : dhakatribune_sports_headlines.csv

Row : 4

Headline :

আর্জেন্টিনাকে সুবিধা দিতে কারচুপির অভিযোগ, বিস্ফোরক মন্তব্য মিশরের কোচের

Error :

Invalid value '0.0' for dtype 'str'. Value should be a string or missing value, got 'float' instead.

================================================================================


File : dhakatribune_sports_headlines.csv

Row : 5

Headline :

ছেলেকে নিয়ে যা বললেন নেইমারের বাবা

Error :

Invalid value '0.0' for dtype 'str'. Value should be a string or missing value, got 'float' instead.

================================================================================


File : dhakatribune_sports_headlines.csv

Row : 6

Headline :

৭২ বছর পর কোয়ার্টারে সুইজারল্যান্ড, প্রতিপক্ষ কে

Error :

Invalid value '0.0' for dtype 'str'. Value should be a string or missing value, got 'float' instead.

================================================================================


File : dhakatribune_sports_headlines.csv

Row : 7

Headline :

মিশরের স্বপ্নভঙ্গ, নাটকীয় প্রত্যাবর্তনে কোয়ার্টার ফাইনালে আর্জেন্টিনা

Error :

Invalid value '0.0' for dtype 'str'. Value should be a string or missing value, got 'float' instead.

================================================================================


File : dhakatribune_sports_headlines.csv

Row : 8

Headline :

দুই গোলে পিছিয়ে থেকেও আর্জেন্টিনার অবিশ্বাস্য প্রত্যাবর্তন

Error :

Invalid value '0.0' for dtype 'str'. Value should be a string or missing value, got 'float' instead.

================================================================================


File : dhakatribune_sports_headlines.csv

Row : 9

Headline :

সালাহ নন, এবার আর্জেন্টিনার সবচেয়ে বড় চিন্তা ১৮ বছরের হামজা!

Error :

Invalid value '0.0' for dtype 'str'. Value should be a string or missing value, got 'float' instead.

================================================================================


File : dhakatribune_sports_headlines.csv

Row : 10

Headline :

‘যে ফিলিস্তিনিদের জন্য কষ্ট অনুভব করে না সে মানুষই নয়’

Error :

Invalid value '0.72' for dtype 'str'. Value should be a string or missing value, got 'float' instead.

================================================================================


File : dhakatribune_sports_headlines.csv

Row : 11

Headline :

মিসরের বিপক্ষে আর্জেন্টিনার একাদশে ৩ পরিবর্তন, ফিরছেন যারা

Error :

Invalid value '0.0' for dtype 'str'. Value should be a string or missing value, got 'float' instead.

================================================================================


File : dhakatribune_sports_headlines.csv

Row : 12

Headline :

সেমিফাইনাল থেকে বিশ্বকাপে নতুন বল, কী বদল আনছে ফিফা?

Error :

Invalid value '0.0' for dtype 'str'. Value should be a string or missing value, got 'float' instead.

================================================================================


File : dhakatribune_sports_headlines.csv

Row : 13

Headline :

আর্জেন্টিনা জিতলেই বদলে যাবে সমীকরণ, সামনে অপেক্ষায় কোন দল?

Error :

Invalid value '0.0' for dtype 'str'. Value should be a string or missing value, got 'float' instead.

================================================================================


File : dhakatribune_sports_headlines.csv

Row : 14

Headline :

২০৩০ বিশ্বকাপে সরাসরি খেলবে যে ৬টি দেশ

Error :

Invalid value '0.0' for dtype 'str'. Value should be a string or missing value, got 'float' instead.

================================================================================


File : dhakatribune_sports_headlines.csv

Row : 15

Headline :

কোয়ার্টার ফাইনালে ওঠার লড়াইয়ে মাঠে নামছে আর্জেন্টিনা

Error :

Invalid value '0.0' for dtype 'str'. Value should be a string or missing value, got 'float' instead.

================================================================================


File : dhakatribune_sports_headlines.csv

Row : 16

Headline :

বাদ পড়ে ইউরোকেই বিশ্বকাপ মানছেন এখন রোনালদো

Error :

Invalid value '0.72' for dtype 'str'. Value should be a string or missing value, got 'float' instead.

================================================================================


File : dhakatribune_sports_headlines.csv

Row : 17

Headline :

বেলজিয়ামের গোল ঝড়ে উড়ে গেলো যুক্তরাষ্ট্র

Error :

Invalid value '0.0' for dtype 'str'. Value should be a string or missing value, got 'float' instead.

================================================================================


File : dhakatribune_sports_headlines.csv

Row : 18

Headline :

শেষ মুহূর্তের গোলে রোনালদোদের বিদায়, কোয়ার্টার ফাইনালে স্পেন

Error :

Invalid value '0.0' for dtype 'str'. Value should be a string or missing value, got 'float' instead.

================================================================================


File : dhakatribune_sports_headlines.csv

Row : 19

Headline :

প্রিয় দল হেরে গেলে মন ভালো করবেন যে ৩ উপায়ে

Error :

Invalid value '0.65' for dtype 'str'. Value should be a string or missing value, got 'float' instead.

================================================================================


File : dhakatribune_sports_headlines.csv

Row : 20

Headline :

কী খেয়ে মেশিনের মতো হয়েছে হালান্ড, কেন মুখে টেপ লাগিয়ে ঘুমান

Error :

Invalid value 'Negative' for dtype 'float64'

================================================================================


File : dhakatribune_sports_headlines.csv

Row : 21

Headline :

তিন যুগ পর এমন লজ্জার মুখ দেখলো ব্রাজিল

Error :

Invalid value 'Neutral' for dtype 'float64'

================================================================================


File : dhakatribune_sports_headlines.csv

Row : 22

Headline :

সমর্থকদের কাছে ক্ষমা চেয়ে যা বললেন ব্রাজিল অধিনায়ক

Error :

Invalid value 'Neutral' for dtype 'float64'

================================================================================


File : dhakatribune_sports_headlines.csv

Row : 23

Headline :

১০ জনের ইংল্যান্ডের দুর্দান্ত লড়াই, ছিটকে পড়লো স্বাগতিক মেক্সিকো

Error :

Invalid value 'Neutral' for dtype 'float64'

================================================================================


File : dhakatribune_sports_headlines.csv

Row : 24

Headline :

ব্রাজিলের হেক্সা স্বপ্ন ভেঙে দিলেন হালান্ড, বিশ্বকাপে নতুন ইতিহাস নরওয়ের

Error :

Invalid value 'Neutral' for dtype 'float64'

================================================================================


File : dhakatribune_sports_headlines.csv

Row : 25

Headline :

অফসাইডে নরওয়ের গোল বাতিল, পেনাল্টি মিস ব্রাজিলের; গোলশূন্য প্রথমার্ধ

Error :

Invalid value 'Neutral' for dtype 'float64'

================================================================================


                File : bd_pratidin_sports.csv

                Rows : 0 - 9

                Headlines :

                ['মরক্কো ম্যাচের পর কেন ফুটবল সম্রাটদের পাশে বসল এমবাপের নাম?', 'এখনো ১৯ বছরের তরুণের মতো খেলছে মেসি : স্পেন কোচ', 'ভোজিনহার নামে নতুন সামুদ্রিক প্রাণীর নামকরণ', 'হারের পর আইসিসি থেকেও শাস্তি পেল বাংলাদেশ', 'আর্জেন্টিনার কাছে বিদায়ের পর দেশে ফিরেই ছাদখোলা বাসে সংবর্ধনা পেল মিসর', 'আন্তর্জাতিক ফুটবলকে বিদায় বললেন সাদিও মানে', 'কোয়ার্টারে ইংল্যান্ডের মুখোমুখি হওয়ার আগে হোটেল নিয়ে বিড়ম্বনায় নরওয়ে', 'জিম্বাবুয়ে সিরিজ থেকে ছিটকে গেলেন মুস্তাফিজ', 'বেলজিয়ামের রোলারকোস্টার যাত্রায় কি পিষ্ট হবে ‘নিখুঁত’ স্পেন?', 'রোনালদো-রিভালদোর কীর্তির পাশে এমবাপ্পে-দেম্বেলে']

                Error :

                Invalid value '0.85' for dtype 'str'. Value should be a string or missing value, got 'float' instead.

                ================================================================================
                

                File : dhakatribune_sports_headlines.csv

                Rows : 0 - 9

                Headlines :

                ['বিশ্বকাপে নিষেধাজ্ঞার শঙ্কায় যে ১৮ তারকা ফুটবলার', 'ফুটবলের নতুন পরাশক্তি হতে যাচ্ছে মরক্কো, নেপথ্যে কী', 'এবার আর্জেন্টিনা-মিসর ম্যাচের বিতর্ক নিয়ে মুখ খুললো ফিফা', 'আর্জেন্টিনা ফুটবল এসোসিয়েশনের বিরুদ্ধে তদন্তে নেমেছে এফবিআই', 'আর্জেন্টিনাকে সুবিধা দিতে কারচুপির অভিযোগ, বিস্ফোরক মন্তব্য মিশরের কোচের', 'ছেলেকে নিয়ে যা বললেন নেইমারের বাবা', '৭২ বছর পর কোয়ার্টারে সুইজারল্যান্ড, প্রতিপক্ষ কে', 'মিশরের স্বপ্নভঙ্গ, নাটকীয় প্রত্যাবর্তনে কোয়ার্টার ফাইনালে আর্জেন্টিনা', 'দুই গোলে পিছিয়ে থেকেও আর্জেন্টিনার অবিশ্বাস্য প্রত্যাবর্তন', 'সালাহ নন, এবার আর্জেন্টিনার সবচেয়ে বড় চিন্তা ১৮ বছরের হামজা!']

                Error :

                Invalid value '0.75' for dtype 'str'. Value should be a string or missing value, got 'float' instead.

                ================================================================================
                

                File : ekattor_sports.csv

                Rows : 0 - 9

                Headlines :

                ['ইনজুরি শঙ্কা এক ফুঁৎকারে উড়িয়ে দিলেন এমবাপে', 'একের পর এক রেকর্ড ভেঙে চুরমার করলেন এমবাপে', 'ফ্রান্স যেখানে থাকতে চেয়েছে সেখানেই আছে: দেশম', "'আমরাও হতে পারি সেই চমকগুলোর একটি', স্পেনকে সতর্ক করলেন কোর্তোয়া", 'অভেদ্য স্পেন বধে ‘নিখুঁত’ ম্যাচের লক্ষ্য রেড ডেভিলসদের', 'এমবাপের তান্ডবে মরক্কোকে উড়িয়ে টানা দ্বিতীয়বার বিশ্বকাপের সেমিতে ফ্রান্স', '‘ভাইকিং বীর’ হালান্ডের পেছনে একাট্টা গোটা নরওয়ে', 'খামেনির দাফনের দিনে তীব্র সংঘাতে ইরান-আমেরিকা', 'এক ম্যাচ হাতে রেখেই সিরিজ নিশ্চিত করলো জিম্বাবুয়ে', 'হাকিমিদের নিয়ে বড় টেনশনে এমবাপেরা!']

                Error :

                Invalid value '0.95' for dtype 'str'. Value should be a string or missing value, got 'float' instead.

                ================================================================================
                

                File : news24_sports_headlines.csv

                Rows : 0 - 9

                Headlines :

                ['কোয়ার্টারে আর্জেন্টিনার সামনে আরেক ‘ভোজিনিয়া’', 'হারের পর আইসিসি থেকেও শাস্তি পেল বাংলাদেশ', '৩৯ বছর বয়সেও তরুণ মেসি, ফিটনেসের রহস্য কী?', 'ইংল্যান্ড নাকি নরওয়ে, ১ম সেমিফাইনাল কে খেলবে জানালো সুপার কম্পিউটার', 'হালান্ডদের মুখোমুখি হওয়ার আগে বড় দুঃসংবাদ পেল ইংল্যান্ড', 'মেসিদের মুখোমুখি হওয়ার আগে বড় সুখবর পেল সুইজারল্যান্ড', 'পরিসংখ্যানে আর্জেন্টিনার জন্য সুখবর, সুইজারল্যান্ড শিবিরে বড় দুঃসংবাদ', 'এমবাপ্পের পেনাল্টি ঘিরে নতুন বিতর্ক, কাঠগড়ায় রেফারি ও ভিএআর', 'বিশ্বকাপে আর্জেন্টিনাকে সমর্থন নেতানিয়াহুর', 'চোটে পড়ে ছিটকে গেছেন মুস্তাফিজ']

                Error :

                Invalid value '0.95' for dtype 'str'. Value should be a string or missing value, got 'float' instead.

                ================================================================================
                

                File : prothomalo_sports_headlines.csv

                Rows : 0 - 9

                Headlines :

                ['সিমন নামের এক নীরব প্রাচীর', 'বিশ্বকাপে ফরাসি সৌরভ এবং স্পেন-বেলজিয়াম', 'আর্জেন্টিনার কাছে ‘বিতর্কিতভাবে’ হেরে বিদায় নেওয়া মিসর পেল ছাদখোলা বাসে সংবর্ধনা', 'সিআইএ, রহস্যময় খিঁচুনি, ওষুধ প্রয়োগ—বিশ্বকাপে যত ষড়যন্ত্র–তত্ত্ব', 'মেসির সঙ্গে এমবাপ্পের হাড্ডাহাড্ডি লড়াই—দেখুন পরিসংখ্যান', 'বার্সেলোনায় এই বেলজিয়াম দলের একজনকেই চাইতেন ইয়ামাল, তিনি কে', 'স্পেন কেন গোল হজম করছে না', 'মোমেন্ট অব দ্য ডে', 'মরক্কো কোচের দাবি হ্যান্ডবল হয়েছিল, রেফারির সিদ্ধান্ত কি সঠিক', '৬ মিনিটের ঝড়ে উড়ে গেল মরক্কো, সেমিফাইনালে ফ্রান্স']

                Error :

                Invalid value '0.95' for dtype 'str'. Value should be a string or missing value, got 'float' instead.

                ================================================================================
                

                File : prothomalo_sports_headlines.csv

                Rows : 1965 - 1969

                Headlines :

                ['আতলেতিকোর বিপক্ষে হেরে কেন জার্মানিকে ধন্যবাদ জানালেন ক্ষুব্ধ ফ্লিক', 'মিলার কেন দৌড়ে রানটি নিলেন না', 'বিসিবিতে ‘চলিতেছে সার্কাস’', 'আজ টিভিতে যা দেখবেন (০৯ এপ্রিল ২০২৬)', 'কাভারাডোনা–জাদু, পিএসজির জয়, লিভারপুলের দুর্দশা চলছেই']

                Error :

                Maximum retries exceeded.

                ================================================================================
                

                File : prothomalo_sports_headlines.csv

                Rows : 2190 - 2194

                Headlines :

                ['পিএসএলে অদ্ভুত কাণ্ড: সাদা বল হয়ে গেল মেরুন', '\u200eভিয়েতনামকে হারিয়ে এশিয়া কাপ আর্চারিতে বাংলাদেশের সোনা জয়', 'বিশ্বকাপ প্লে–অফ: কারা উঠল, ফাইনালে কে কার মুখোমুখি', 'এক ম্যাচে চার একাদশ—পিএসএলে নতুন নিয়ম', 'ব্রাজিলের হারে ‘অর্ধেক সন্তুষ্ট’ আনচেলত্তির ‘আত্মবিশ্বাস আরও বেড়েছে’']

                Error :

                Maximum retries exceeded.

                ================================================================================
                

                File : prothomalo_sports_headlines.csv

                Rows : 4130 - 4134

                Headlines :

                ['লাবুশেনের রেকর্ড, ইংল্যান্ডের ২ উইকেট', 'ক্রাইস্টচার্চে হোপ–গ্রিভসের অবিশ্বাস্য প্রতিরোধ', 'ইউনাইটেডকে ৯ গোলে বিধ্বস্ত করে কোয়ার্টার ফাইনালে এআইইউবি', 'লাবুশেন–ওয়েদারাল্ডে প্রথম সেশন অস্ট্রেলিয়ার', 'বিশ্বকাপের ড্র আজ : কখন, কীভাবে—জেনে নিন সবকিছু']

                Error :

                Maximum retries exceeded.

                ================================================================================
                

                File : prothomalo_sports_headlines.csv

                Rows : 4135 - 4139

                Headlines :

                ['রুটের সেঞ্চুরিতে বেঁচে গেলেন হেইডেন, ধন্যবাদ জানালেন হেইডেনের মেয়ে', 'গার্দিওলা সেরা কোচ, আবার জিততে চান বিশ্বকাপ: সাক্ষাৎকারে যা বললেন মেসি', 'অধিনায়ক লিটন যা করতে চেয়েছেন, যা করতে পেরেছেন', 'অস্ট্রেলিয়াতেও ১ হাজার রান, যে রেকর্ডে রুটের ওপরে শুধুই একজন', 'আজ টিভিতে যা দেখবেন (৫ ডিসেম্বর ২০২৫)']

                Error :

                Maximum retries exceeded.

                ================================================================================
                

                File : prothomalo_sports_headlines.csv

                Rows : 4895 - 4899

                Headlines :

                ['মেসিদের নিয়ে যেতে আর্জেন্টিনাকে ১৭০ কোটি টাকা দেবে অ্যাঙ্গোলা', 'জেমাইমার পারফরম্যান্সে মুগ্ধ মারুফা ভাষাহীন', 'ভিনিসিয়ুসের প্রেমিকা কে এই ভার্জিনিয়া ফনসেকা', 'ক্রিকেট সুন্দর জেমাইমাদের প্রেমে পড়লে', 'জেমাইমার কান্নার ম্যাচে টুপটাপ ভাঙল রেকর্ডও']

                Error :

                Maximum retries exceeded.

                ================================================================================
                

                File : prothomalo_sports_headlines.csv

                Rows : 5610 - 5614

                Headlines :

                ['ফাইনালে ভারতকে আটকানোর পাকিস্তানি ফর্মুলা কি এটাই', 'মিয়াঁদাদের সেই ছক্কা থেকে সাঈদ আনোয়ারের ১৯৪: আফ্রিদির স্মৃতিতে ভারত–পাকিস্তান লড়াই', 'আফ্রিদি না অভিষেক, আজ কার দিন', 'আজ টিভিতে যা দেখবেন (২৮ সেপ্টেম্বর ২০২৫)', '‘লিভারপুল’ হয়েই লিভারপুলকে হারাল প্যালেস, সিটির জয়, চেলসির হার']

                Error :

                Maximum retries exceeded.

                ================================================================================
                

                File : prothomalo_sports_headlines.csv

                Rows : 5720 - 5724

                Headlines :

                ['ব্যালন ডি’অর জয়ে মেসির আর্জেন্টিনাকে ছুঁয়ে ফেলল ফ্রান্স', 'আজ হারলেও কি পাকিস্তান কিংবা শ্রীলঙ্কা ফাইনালে উঠতে পারে', 'আবার বেঙ্গলের সভাপতি হলেন সৌরভ', 'ব্যালন ডি’অর: প্যারিসে হাসি, কান্না আর উৎসবের রাত', 'ভারত ম্যাচ নিয়ে ‘বেশি চিন্তা’ করছে না বাংলাদেশ']

                Error :

                Maximum retries exceeded.

                ================================================================================
                

                File : prothomalo_sports_headlines.csv

                Rows : 5 - 9

                Headlines :

                ['বার্সেলোনায় এই বেলজিয়াম দলের একজনকেই চাইতেন ইয়ামাল, তিনি কে', 'স্পেন কেন গোল হজম করছে না', 'মোমেন্ট অব দ্য ডে', 'মরক্কো কোচের দাবি হ্যান্ডবল হয়েছিল, রেফারির সিদ্ধান্ত কি সঠিক', '৬ মিনিটের ঝড়ে উড়ে গেল মরক্কো, সেমিফাইনালে ফ্রান্স']

                Error :

                Maximum retries exceeded.

                ================================================================================
                

                File : prothomalo_sports_headlines.csv

                Rows : 10 - 14

                Headlines :

                ['পেনাল্টিতে এমবাপ্পে–নেইমারদের থমকে যাওয়া কৌশল কতটা কার্যকর', 'চুক্তি ছিঁড়ে ফেলে বলতাম, গোল্লায় যান—আনচেলত্তির ওপর ক্ষোভ উগরে দিলেন রোমারিও', 'এমবাপ্পে-দেম্বেলের জাদুতে মরক্কোকে উড়িয়ে সেমিফাইনালে ফ্রান্স', 'এমবাপ্পের চোট কতটা গুরুতর', 'ভেঙে গেল আটলাসের সিংহদের বুক, রূপকথাও হারাল সুর']

                Error :

                Maximum retries exceeded.

                ================================================================================
                

                File : prothomalo_sports_headlines.csv

                Rows : 20 - 24

                Headlines :

                ['জন্মভূমির বিপক্ষে নামছেন মরক্কোর ৬ ফুটবলার', 'এমবাপ্পে ও হাকিমি: বন্ধু যখন শত্রু', 'ফেবারিটরাই কি সেমিতে নাকি চমক', 'কাতার বিশ্বকাপ ফেরাতে পারবে ফ্রান্স, না কি মরক্কোর নতুন গল্প', 'বিশ্বকাপের রেফারি কীভাবে ঠিক করা হয়']

                Error :

                Maximum retries exceeded.

                ================================================================================
                

                File : prothomalo_sports_headlines.csv

                Rows : 25 - 29

                Headlines :

                ['মিসর ম্যাচের ‘ডাকাতি’ নিয়ে মুখ খুললেন নিউইয়র্কের মেয়র', 'বিশ্বকাপে তিনটি হলুদ কার্ড দেখেছে আর্জেন্টিনা, সবার ওপরে কে', 'ফ্রান্সের জন্য চ্যালেঞ্জ হাকিমি-দিয়াজরা', 'আর্জেন্টিনা–মিসর ম্যাচে রেফারিং বিতর্ক নিয়ে ব্যাখ্যা দিল ফিফা', 'মেসি পেনাল্টিতে ভালো নাকি খারাপ']

                Error :

                Maximum retries exceeded.

                ================================================================================
                

                File : prothomalo_sports_headlines.csv

                Rows : 35 - 39

                Headlines :

                ['মেসির সঙ্গে বাগ্\u200cবিতণ্ডা: এক্স সাইন দেখান মিসরের কোচ, এর মানে কী?', 'এফবিআইয়ের তদন্তের মুখে আর্জেন্টিনার ফুটবল সংস্থা', 'বিশ্বকাপের আজ দম ফেলার রাত', 'আফ্রিকান দলগুলো শেষ মুহূর্তে হেরে যাচ্ছে কেন', 'মেসিতে মুগ্ধ রিভালদো বললেন, ‘দর্শকেরা এমন ফুটবলই দেখতে চায়’']

                Error :

                Maximum retries exceeded.

                ================================================================================
                

                File : prothomalo_sports_headlines.csv

                Rows : 60 - 64

                Headlines :

                ['‘ম্যাচটা পাতানো ছিল, আর্জেন্টিনাকে আরেকটা বিশ্বকাপ জয়ের অভিনন্দন’', 'ফুটবল এখনো কাঁদাতে পারে মেসিকে', 'আমাদের সঙ্গে অন্যায় হয়েছে, মেসিকে বিশ্বকাপে রাখতে চেয়েছে তারা—ম্যাচ শেষে বিস্ফোরক মিসর কোচ', '১৩ মিনিটের জাদুতে মিসরের রূপকথা ভেঙে আর্জেন্টিনার অবিশ্বাস্য প্রত্যাবর্তন', 'মেসির রেকর্ড, আর্জেন্টিনার ইতিহাস—সংখ্যাতেই লেখা অবিশ্বাস্য এক রাত']

                Error :

                Maximum retries exceeded.

                ================================================================================
                

                File : prothomalo_sports_headlines.csv

                Rows : 65 - 69

                Headlines :

                ['১৩ মিনিট ১৫ সেকেন্ডে আর্জেন্টিনার পুনর্জন্ম', 'আর্জেন্টিনার পরের ম্যাচ কখন, প্রতিপক্ষ কারা', 'মরক্কোর মুখোমুখি হওয়ার আগে ফ্রান্সের অনেক দুশ্চিন্তা', '১৮ জুলাই শুরু নতুন কুঁড়ির জাতীয় পর্যায়ের প্রতিযোগিতা, সমাপনীতে থাকবেন প্রধানমন্ত্রী', 'রোনালদো অতীত, মেসি ভবিষ্যৎ']

                Error :

                Maximum retries exceeded.

                ================================================================================
                

                File : prothomalo_sports_headlines.csv

                Rows : 80 - 84

                Headlines :

                ['‘৬’ সংখ্যায় বিশ্বাস রেখে কি ঠকলেন মার্তিনেজ', 'গোলকিপারদের বিশ্বকাপে ফ্রিজের অবিশ্বাস্য ভুল', '৭৪১ মিনিটে ১ গোল, ড্রিবলিং নেই—বিশ্বকাপে এ কোন রোনালদো', 'মেরিনোর গল্পটা তিন প্রজন্মের', 'রেকর্ডের অপেক্ষায় সালাহ, সামনে মেসি']

                Error :

                Maximum retries exceeded.

                ================================================================================
                

                File : prothomalo_sports_headlines.csv

                Rows : 100 - 104

                Headlines :

                ['‘হেক্সা’ জয়ের স্বপ্নে ছয়টি আসর জলাঞ্জলি ব্রাজিলের', 'কোথায় হারল ব্রাজিল', '‘অশুভ দৃষ্টি’ এড়াতে কী করে আর্জেন্টিনা দল', 'তাহলে কি লাল কার্ড বাতিলে ট্রাম্পের কাছে যাবেন কেইন', 'হলান্ডকে নিয়ে ব্রাজিলের কোনো হোমওয়ার্ক ছিল না']

                Error :

                Maximum retries exceeded.

                ================================================================================
                

                File : prothomalo_sports_headlines.csv

                Rows : 115 - 119

                Headlines :

                ['‘এখানেই শেষ’ বলে কি অবসরই নিলেন নেইমার', 'আজ টিভিতে যা দেখবেন (৬ জুলাই ২০২৬)', 'ব্রাজিলের পেনাল্টি কেন গিমারাইস নিয়েছেন, কী জবাব দিলেন কোচ', 'নেইমারদের কাঁদিয়ে ইতিহাস গড়লেন হলান্ডরা', 'ইংল্যান্ডকে হারিয়ে আবারও টি-টুয়েন্টি বিশ্বকাপ চ্যাম্পিয়ন অস্ট্রেলিয়া']

                Error :

                Maximum retries exceeded.

                ================================================================================
                

                File : prothomalo_sports_headlines.csv

                Rows : 135 - 139

                Headlines :

                ['উত্তাপ ছড়ানো ম্যাচে এমবাপ্পের গোলে জিতে কোয়ার্টার ফাইনালে ফ্রান্স', 'কানাডাকে বিদায় করে কোয়ার্টার ফাইনালে মরক্কো', 'এমবাপ্পে-দেম্বেলে-ওলিসে: কাকে রেখে কাকে থামাবে প্যারাগুয়ে', 'হাকিমিদের জন্য রাতের ঘুম হারাম কেন কানাডা কোচের', 'আর্জেন্টিনাকে কাঁপিয়ে দেওয়া কেপ ভার্দের কে এই লোপেজ']

                Error :

                Maximum retries exceeded.

                ================================================================================
                

                File : prothomalo_sports_headlines.csv

                Rows : 145 - 149

                Headlines :

                ['বিশ্বকাপের শেষ ষোলোতে কারা, কে কার মুখোমুখি', 'বিশ্বকে দেখিয়ে দিতে চেয়েছিল কেপ ভার্দে', 'আর্জেন্টিনাকে ভুল শুধরে নিতে বললেন মেসি', 'কেপ ভার্দের বিপক্ষে ম্যাচ শেষে আবেগাপ্লুত স্কালোনি কী বললেন?', 'মায়ামিতে রুদ্ধশ্বাস লড়াই: কেপ ভার্দের ‘মোরাবেজা’–জাদুতে কাঁপল আর্জেন্টিনা']

                Error :

                Maximum retries exceeded.

                ================================================================================
                

                File : prothomalo_sports_headlines.csv

                Rows : 5 - 9

                Headlines :

                ['বার্সেলোনায় এই বেলজিয়াম দলের একজনকেই চাইতেন ইয়ামাল, তিনি কে', 'স্পেন কেন গোল হজম করছে না', 'মোমেন্ট অব দ্য ডে', 'মরক্কো কোচের দাবি হ্যান্ডবল হয়েছিল, রেফারির সিদ্ধান্ত কি সঠিক', '৬ মিনিটের ঝড়ে উড়ে গেল মরক্কো, সেমিফাইনালে ফ্রান্স']

                Error :

                Maximum retries exceeded.

                ================================================================================
                

                File : prothomalo_sports_headlines.csv

                Rows : 0 - 4

                Headlines :

                ['সিমন নামের এক নীরব প্রাচীর', 'বিশ্বকাপে ফরাসি সৌরভ এবং স্পেন-বেলজিয়াম', 'আর্জেন্টিনার কাছে ‘বিতর্কিতভাবে’ হেরে বিদায় নেওয়া মিসর পেল ছাদখোলা বাসে সংবর্ধনা', 'সিআইএ, রহস্যময় খিঁচুনি, ওষুধ প্রয়োগ—বিশ্বকাপে যত ষড়যন্ত্র–তত্ত্ব', 'মেসির সঙ্গে এমবাপ্পের হাড্ডাহাড্ডি লড়াই—দেখুন পরিসংখ্যান']

                Error :

                Maximum retries exceeded.

                ================================================================================
                

                File : the_daily_star_sports.csv

                Rows : 1515 - 1519

                Headlines :

                ['পাঁচটি তারা: ব্রাজিলের বিশ্বজয়ের গল্প', 'বৈশ্বিক সূচির অনিশ্চয়তা, এশিয়ান কাপের বিডিং স্থগিত', '৬ খেলোয়াড় বাদ দিয়ে চূড়ান্ত স্কোয়াড ঘোষণা কাবরেরার', 'স্বস্তি বার্সেলোনার, দুশ্চিন্তায় রিয়াল', 'ইরানে ফিরেই বীরের সংবর্ধনা, তবে চলছে বিতর্কও']

                Error :

                Maximum retries exceeded.

                ================================================================================
                

                File : the_daily_star_sports.csv

                Rows : 4500 - 4504

                Headlines :

                ['৩০০ একটা বিশাল সংখ্যা: ঐতিহাসিক মাইলফলকে পৌঁছে কামিন্স', 'এক বছরের জন্য বাংলাদেশের ওয়ানডে অধিনায়ক মিরাজ', 'র\u200d্যাঙ্কিংয়ে সুখবর বাংলাদেশের মেয়েদের', 'লেভানদোভস্কির সঙ্গে বিরোধের জেরে পদত্যাগ পোল্যান্ড কোচের', 'শ্রীলঙ্কায় টেস্টে ওপেনিংয়ে নামার আভাস দিলেন শান্ত']

                Error :

                Maximum retries exceeded.

                ================================================================================
                

                File : news24_sports_headlines.csv

                Rows : 0 - 4

                Headlines :

                ['কোয়ার্টারে আর্জেন্টিনার সামনে আরেক ‘ভোজিনিয়া’', 'হারের পর আইসিসি থেকেও শাস্তি পেল বাংলাদেশ', '৩৯ বছর বয়সেও তরুণ মেসি, ফিটনেসের রহস্য কী?', 'ইংল্যান্ড নাকি নরওয়ে, ১ম সেমিফাইনাল কে খেলবে জানালো সুপার কম্পিউটার', 'হালান্ডদের মুখোমুখি হওয়ার আগে বড় দুঃসংবাদ পেল ইংল্যান্ড']

                Error :

                Maximum retries exceeded.

                ================================================================================
                
